[0.119s] DEBUG:colcon:Command line arguments: ['/usr/bin/colcon', 'list', '-p', '--base-paths', '/home/sejunmoon/autonomous_safety_wheelchair']
[0.120s] DEBUG:colcon:Parsed command line arguments: Namespace(log_base=None, log_level=None, verb_name='list', build_base='build', ignore_user_meta=False, metas=['./colcon.meta'], base_paths=['/home/sejunmoon/autonomous_safety_wheelchair'], packages_ignore=None, packages_ignore_regex=None, paths=None, packages_up_to=None, packages_up_to_regex=None, packages_above=None, packages_above_and_dependencies=None, packages_above_depth=None, packages_select_by_dep=None, packages_skip_by_dep=None, packages_skip_up_to=None, packages_select_build_failed=False, packages_skip_build_finished=False, packages_select_test_failures=False, packages_skip_test_passed=False, packages_select=None, packages_skip=None, packages_select_regex=None, packages_skip_regex=None, packages_start=None, packages_end=None, allow_overriding=[], topological_order=False, names_only=False, paths_only=True, topological_graph=False, topological_graph_dot=False, topological_graph_density=False, topological_graph_legend=False, topological_graph_dot_cluster=False, topological_graph_dot_include_skipped=False, mixin_files=None, mixin=None, verb_parser=<colcon_mixin.mixin.mixin_argument.MixinArgumentDecorator object at 0x78bbcbfdcdc0>, verb_extension=<colcon_package_information.verb.list.ListVerb object at 0x78bbcbfb3b80>, main=<bound method ListVerb.main of <colcon_package_information.verb.list.ListVerb object at 0x78bbcbfb3b80>>, mixin_verb=('list',))
[0.164s] Level 1:colcon.colcon_core.package_discovery:discover_packages(colcon_meta) check parameters
[0.165s] Level 1:colcon.colcon_core.package_discovery:discover_packages(recursive) check parameters
[0.165s] Level 1:colcon.colcon_core.package_discovery:discover_packages(ignore) check parameters
[0.165s] Level 1:colcon.colcon_core.package_discovery:discover_packages(path) check parameters
[0.165s] Level 1:colcon.colcon_core.package_discovery:discover_packages(recursive) discover
[0.165s] INFO:colcon.colcon_core.package_discovery:Crawling recursively for packages in '/home/sejunmoon/autonomous_safety_wheelchair'
[0.165s] Level 1:colcon.colcon_core.package_identification:_identify(/home/sejunmoon/autonomous_safety_wheelchair) by extensions ['ignore', 'ignore_ament_install']
[0.165s] Level 1:colcon.colcon_core.package_identification:_identify(/home/sejunmoon/autonomous_safety_wheelchair) by extension 'ignore'
[0.165s] Level 1:colcon.colcon_core.package_identification:_identify(/home/sejunmoon/autonomous_safety_wheelchair) by extension 'ignore_ament_install'
[0.166s] Level 1:colcon.colcon_core.package_identification:_identify(/home/sejunmoon/autonomous_safety_wheelchair) by extensions ['colcon_pkg']
[0.166s] Level 1:colcon.colcon_core.package_identification:_identify(/home/sejunmoon/autonomous_safety_wheelchair) by extension 'colcon_pkg'
[0.166s] Level 1:colcon.colcon_core.package_identification:_identify(/home/sejunmoon/autonomous_safety_wheelchair) by extensions ['colcon_meta']
[0.166s] Level 1:colcon.colcon_core.package_identification:_identify(/home/sejunmoon/autonomous_safety_wheelchair) by extension 'colcon_meta'
[0.166s] Level 1:colcon.colcon_core.package_identification:_identify(/home/sejunmoon/autonomous_safety_wheelchair) by extensions ['ros']
[0.166s] Level 1:colcon.colcon_core.package_identification:_identify(/home/sejunmoon/autonomous_safety_wheelchair) by extension 'ros'
[0.183s] Level 1:colcon.colcon_core.package_identification:_identify(/home/sejunmoon/autonomous_safety_wheelchair) by extensions ['cmake', 'python']
[0.183s] Level 1:colcon.colcon_core.package_identification:_identify(/home/sejunmoon/autonomous_safety_wheelchair) by extension 'cmake'
[0.183s] Level 1:colcon.colcon_core.package_identification:_identify(/home/sejunmoon/autonomous_safety_wheelchair) by extension 'python'
[0.184s] Level 1:colcon.colcon_core.package_identification:_identify(/home/sejunmoon/autonomous_safety_wheelchair) by extensions ['python_setup_py']
[0.184s] Level 1:colcon.colcon_core.package_identification:_identify(/home/sejunmoon/autonomous_safety_wheelchair) by extension 'python_setup_py'
[0.184s] Level 1:colcon.colcon_core.package_identification:_identify(/home/sejunmoon/autonomous_safety_wheelchair/launch) by extensions ['ignore', 'ignore_ament_install']
[0.184s] Level 1:colcon.colcon_core.package_identification:_identify(/home/sejunmoon/autonomous_safety_wheelchair/launch) by extension 'ignore'
[0.184s] Level 1:colcon.colcon_core.package_identification:_identify(/home/sejunmoon/autonomous_safety_wheelchair/launch) by extension 'ignore_ament_install'
[0.184s] Level 1:colcon.colcon_core.package_identification:_identify(/home/sejunmoon/autonomous_safety_wheelchair/launch) by extensions ['colcon_pkg']
[0.184s] Level 1:colcon.colcon_core.package_identification:_identify(/home/sejunmoon/autonomous_safety_wheelchair/launch) by extension 'colcon_pkg'
[0.184s] Level 1:colcon.colcon_core.package_identification:_identify(/home/sejunmoon/autonomous_safety_wheelchair/launch) by extensions ['colcon_meta']
[0.184s] Level 1:colcon.colcon_core.package_identification:_identify(/home/sejunmoon/autonomous_safety_wheelchair/launch) by extension 'colcon_meta'
[0.185s] Level 1:colcon.colcon_core.package_identification:_identify(/home/sejunmoon/autonomous_safety_wheelchair/launch) by extensions ['ros']
[0.185s] Level 1:colcon.colcon_core.package_identification:_identify(/home/sejunmoon/autonomous_safety_wheelchair/launch) by extension 'ros'
[0.185s] Level 1:colcon.colcon_core.package_identification:_identify(/home/sejunmoon/autonomous_safety_wheelchair/launch) by extensions ['cmake', 'python']
[0.185s] Level 1:colcon.colcon_core.package_identification:_identify(/home/sejunmoon/autonomous_safety_wheelchair/launch) by extension 'cmake'
[0.185s] Level 1:colcon.colcon_core.package_identification:_identify(/home/sejunmoon/autonomous_safety_wheelchair/launch) by extension 'python'
[0.185s] Level 1:colcon.colcon_core.package_identification:_identify(/home/sejunmoon/autonomous_safety_wheelchair/launch) by extensions ['python_setup_py']
[0.185s] Level 1:colcon.colcon_core.package_identification:_identify(/home/sejunmoon/autonomous_safety_wheelchair/launch) by extension 'python_setup_py'
[0.185s] Level 1:colcon.colcon_core.package_identification:_identify(/home/sejunmoon/autonomous_safety_wheelchair/log) by extensions ['ignore', 'ignore_ament_install']
[0.185s] Level 1:colcon.colcon_core.package_identification:_identify(/home/sejunmoon/autonomous_safety_wheelchair/log) by extension 'ignore'
[0.185s] Level 1:colcon.colcon_core.package_identification:_identify(/home/sejunmoon/autonomous_safety_wheelchair/log) ignored
[0.185s] Level 1:colcon.colcon_core.package_identification:_identify(/home/sejunmoon/autonomous_safety_wheelchair/src) by extensions ['ignore', 'ignore_ament_install']
[0.186s] Level 1:colcon.colcon_core.package_identification:_identify(/home/sejunmoon/autonomous_safety_wheelchair/src) by extension 'ignore'
[0.186s] Level 1:colcon.colcon_core.package_identification:_identify(/home/sejunmoon/autonomous_safety_wheelchair/src) by extension 'ignore_ament_install'
[0.186s] Level 1:colcon.colcon_core.package_identification:_identify(/home/sejunmoon/autonomous_safety_wheelchair/src) by extensions ['colcon_pkg']
[0.186s] Level 1:colcon.colcon_core.package_identification:_identify(/home/sejunmoon/autonomous_safety_wheelchair/src) by extension 'colcon_pkg'
[0.186s] Level 1:colcon.colcon_core.package_identification:_identify(/home/sejunmoon/autonomous_safety_wheelchair/src) by extensions ['colcon_meta']
[0.186s] Level 1:colcon.colcon_core.package_identification:_identify(/home/sejunmoon/autonomous_safety_wheelchair/src) by extension 'colcon_meta'
[0.186s] Level 1:colcon.colcon_core.package_identification:_identify(/home/sejunmoon/autonomous_safety_wheelchair/src) by extensions ['ros']
[0.186s] Level 1:colcon.colcon_core.package_identification:_identify(/home/sejunmoon/autonomous_safety_wheelchair/src) by extension 'ros'
[0.186s] Level 1:colcon.colcon_core.package_identification:_identify(/home/sejunmoon/autonomous_safety_wheelchair/src) by extensions ['cmake', 'python']
[0.186s] Level 1:colcon.colcon_core.package_identification:_identify(/home/sejunmoon/autonomous_safety_wheelchair/src) by extension 'cmake'
[0.186s] Level 1:colcon.colcon_core.package_identification:_identify(/home/sejunmoon/autonomous_safety_wheelchair/src) by extension 'python'
[0.186s] Level 1:colcon.colcon_core.package_identification:_identify(/home/sejunmoon/autonomous_safety_wheelchair/src) by extensions ['python_setup_py']
[0.186s] Level 1:colcon.colcon_core.package_identification:_identify(/home/sejunmoon/autonomous_safety_wheelchair/src) by extension 'python_setup_py'
[0.187s] Level 1:colcon.colcon_core.package_identification:_identify(/home/sejunmoon/autonomous_safety_wheelchair/src/bringup) by extensions ['ignore', 'ignore_ament_install']
[0.187s] Level 1:colcon.colcon_core.package_identification:_identify(/home/sejunmoon/autonomous_safety_wheelchair/src/bringup) by extension 'ignore'
[0.187s] Level 1:colcon.colcon_core.package_identification:_identify(/home/sejunmoon/autonomous_safety_wheelchair/src/bringup) by extension 'ignore_ament_install'
[0.187s] Level 1:colcon.colcon_core.package_identification:_identify(/home/sejunmoon/autonomous_safety_wheelchair/src/bringup) by extensions ['colcon_pkg']
[0.187s] Level 1:colcon.colcon_core.package_identification:_identify(/home/sejunmoon/autonomous_safety_wheelchair/src/bringup) by extension 'colcon_pkg'
[0.187s] Level 1:colcon.colcon_core.package_identification:_identify(/home/sejunmoon/autonomous_safety_wheelchair/src/bringup) by extensions ['colcon_meta']
[0.187s] Level 1:colcon.colcon_core.package_identification:_identify(/home/sejunmoon/autonomous_safety_wheelchair/src/bringup) by extension 'colcon_meta'
[0.187s] Level 1:colcon.colcon_core.package_identification:_identify(/home/sejunmoon/autonomous_safety_wheelchair/src/bringup) by extensions ['ros']
[0.187s] Level 1:colcon.colcon_core.package_identification:_identify(/home/sejunmoon/autonomous_safety_wheelchair/src/bringup) by extension 'ros'
[0.191s] DEBUG:colcon.colcon_core.package_identification:Package '/home/sejunmoon/autonomous_safety_wheelchair/src/bringup' with type 'ros.ament_cmake' and name 'bringup'
[0.192s] Level 1:colcon.colcon_core.package_identification:_identify(/home/sejunmoon/autonomous_safety_wheelchair/src/navigation) by extensions ['ignore', 'ignore_ament_install']
[0.192s] Level 1:colcon.colcon_core.package_identification:_identify(/home/sejunmoon/autonomous_safety_wheelchair/src/navigation) by extension 'ignore'
[0.192s] Level 1:colcon.colcon_core.package_identification:_identify(/home/sejunmoon/autonomous_safety_wheelchair/src/navigation) by extension 'ignore_ament_install'
[0.192s] Level 1:colcon.colcon_core.package_identification:_identify(/home/sejunmoon/autonomous_safety_wheelchair/src/navigation) by extensions ['colcon_pkg']
[0.192s] Level 1:colcon.colcon_core.package_identification:_identify(/home/sejunmoon/autonomous_safety_wheelchair/src/navigation) by extension 'colcon_pkg'
[0.192s] Level 1:colcon.colcon_core.package_identification:_identify(/home/sejunmoon/autonomous_safety_wheelchair/src/navigation) by extensions ['colcon_meta']
[0.192s] Level 1:colcon.colcon_core.package_identification:_identify(/home/sejunmoon/autonomous_safety_wheelchair/src/navigation) by extension 'colcon_meta'
[0.192s] Level 1:colcon.colcon_core.package_identification:_identify(/home/sejunmoon/autonomous_safety_wheelchair/src/navigation) by extensions ['ros']
[0.192s] Level 1:colcon.colcon_core.package_identification:_identify(/home/sejunmoon/autonomous_safety_wheelchair/src/navigation) by extension 'ros'
[0.193s] DEBUG:colcon.colcon_core.package_identification:Package '/home/sejunmoon/autonomous_safety_wheelchair/src/navigation' with type 'ros.ament_cmake' and name 'navigation'
[0.193s] Level 1:colcon.colcon_core.package_identification:_identify(/home/sejunmoon/autonomous_safety_wheelchair/src/perception) by extensions ['ignore', 'ignore_ament_install']
[0.194s] Level 1:colcon.colcon_core.package_identification:_identify(/home/sejunmoon/autonomous_safety_wheelchair/src/perception) by extension 'ignore'
[0.194s] Level 1:colcon.colcon_core.package_identification:_identify(/home/sejunmoon/autonomous_safety_wheelchair/src/perception) by extension 'ignore_ament_install'
[0.194s] Level 1:colcon.colcon_core.package_identification:_identify(/home/sejunmoon/autonomous_safety_wheelchair/src/perception) by extensions ['colcon_pkg']
[0.194s] Level 1:colcon.colcon_core.package_identification:_identify(/home/sejunmoon/autonomous_safety_wheelchair/src/perception) by extension 'colcon_pkg'
[0.194s] Level 1:colcon.colcon_core.package_identification:_identify(/home/sejunmoon/autonomous_safety_wheelchair/src/perception) by extensions ['colcon_meta']
[0.194s] Level 1:colcon.colcon_core.package_identification:_identify(/home/sejunmoon/autonomous_safety_wheelchair/src/perception) by extension 'colcon_meta'
[0.194s] Level 1:colcon.colcon_core.package_identification:_identify(/home/sejunmoon/autonomous_safety_wheelchair/src/perception) by extensions ['ros']
[0.194s] Level 1:colcon.colcon_core.package_identification:_identify(/home/sejunmoon/autonomous_safety_wheelchair/src/perception) by extension 'ros'
[0.195s] DEBUG:colcon.colcon_core.package_identification:Package '/home/sejunmoon/autonomous_safety_wheelchair/src/perception' with type 'ros.ament_python' and name 'perception'
[0.195s] Level 1:colcon.colcon_core.package_identification:_identify(/home/sejunmoon/autonomous_safety_wheelchair/src/wheelchair_description) by extensions ['ignore', 'ignore_ament_install']
[0.195s] Level 1:colcon.colcon_core.package_identification:_identify(/home/sejunmoon/autonomous_safety_wheelchair/src/wheelchair_description) by extension 'ignore'
[0.195s] Level 1:colcon.colcon_core.package_identification:_identify(/home/sejunmoon/autonomous_safety_wheelchair/src/wheelchair_description) by extension 'ignore_ament_install'
[0.195s] Level 1:colcon.colcon_core.package_identification:_identify(/home/sejunmoon/autonomous_safety_wheelchair/src/wheelchair_description) by extensions ['colcon_pkg']
[0.195s] Level 1:colcon.colcon_core.package_identification:_identify(/home/sejunmoon/autonomous_safety_wheelchair/src/wheelchair_description) by extension 'colcon_pkg'
[0.195s] Level 1:colcon.colcon_core.package_identification:_identify(/home/sejunmoon/autonomous_safety_wheelchair/src/wheelchair_description) by extensions ['colcon_meta']
[0.195s] Level 1:colcon.colcon_core.package_identification:_identify(/home/sejunmoon/autonomous_safety_wheelchair/src/wheelchair_description) by extension 'colcon_meta'
[0.195s] Level 1:colcon.colcon_core.package_identification:_identify(/home/sejunmoon/autonomous_safety_wheelchair/src/wheelchair_description) by extensions ['ros']
[0.196s] Level 1:colcon.colcon_core.package_identification:_identify(/home/sejunmoon/autonomous_safety_wheelchair/src/wheelchair_description) by extension 'ros'
[0.196s] DEBUG:colcon.colcon_core.package_identification:Package '/home/sejunmoon/autonomous_safety_wheelchair/src/wheelchair_description' with type 'ros.ament_cmake' and name 'wheelchair_description'
[0.197s] Level 1:colcon.colcon_core.package_identification:_identify(/home/sejunmoon/autonomous_safety_wheelchair/src/wheelchair_gazebo) by extensions ['ignore', 'ignore_ament_install']
[0.197s] Level 1:colcon.colcon_core.package_identification:_identify(/home/sejunmoon/autonomous_safety_wheelchair/src/wheelchair_gazebo) by extension 'ignore'
[0.197s] Level 1:colcon.colcon_core.package_identification:_identify(/home/sejunmoon/autonomous_safety_wheelchair/src/wheelchair_gazebo) by extension 'ignore_ament_install'
[0.197s] Level 1:colcon.colcon_core.package_identification:_identify(/home/sejunmoon/autonomous_safety_wheelchair/src/wheelchair_gazebo) by extensions ['colcon_pkg']
[0.197s] Level 1:colcon.colcon_core.package_identification:_identify(/home/sejunmoon/autonomous_safety_wheelchair/src/wheelchair_gazebo) by extension 'colcon_pkg'
[0.197s] Level 1:colcon.colcon_core.package_identification:_identify(/home/sejunmoon/autonomous_safety_wheelchair/src/wheelchair_gazebo) by extensions ['colcon_meta']
[0.197s] Level 1:colcon.colcon_core.package_identification:_identify(/home/sejunmoon/autonomous_safety_wheelchair/src/wheelchair_gazebo) by extension 'colcon_meta'
[0.197s] Level 1:colcon.colcon_core.package_identification:_identify(/home/sejunmoon/autonomous_safety_wheelchair/src/wheelchair_gazebo) by extensions ['ros']
[0.197s] Level 1:colcon.colcon_core.package_identification:_identify(/home/sejunmoon/autonomous_safety_wheelchair/src/wheelchair_gazebo) by extension 'ros'
[0.198s] DEBUG:colcon.colcon_core.package_identification:Package '/home/sejunmoon/autonomous_safety_wheelchair/src/wheelchair_gazebo' with type 'ros.ament_cmake' and name 'wheelchair_gazebo'
[0.198s] Level 1:colcon.colcon_core.package_identification:_identify(/home/sejunmoon/autonomous_safety_wheelchair/src/wheelchair_interfaces) by extensions ['ignore', 'ignore_ament_install']
[0.198s] Level 1:colcon.colcon_core.package_identification:_identify(/home/sejunmoon/autonomous_safety_wheelchair/src/wheelchair_interfaces) by extension 'ignore'
[0.198s] Level 1:colcon.colcon_core.package_identification:_identify(/home/sejunmoon/autonomous_safety_wheelchair/src/wheelchair_interfaces) by extension 'ignore_ament_install'
[0.198s] Level 1:colcon.colcon_core.package_identification:_identify(/home/sejunmoon/autonomous_safety_wheelchair/src/wheelchair_interfaces) by extensions ['colcon_pkg']
[0.198s] Level 1:colcon.colcon_core.package_identification:_identify(/home/sejunmoon/autonomous_safety_wheelchair/src/wheelchair_interfaces) by extension 'colcon_pkg'
[0.198s] Level 1:colcon.colcon_core.package_identification:_identify(/home/sejunmoon/autonomous_safety_wheelchair/src/wheelchair_interfaces) by extensions ['colcon_meta']
[0.198s] Level 1:colcon.colcon_core.package_identification:_identify(/home/sejunmoon/autonomous_safety_wheelchair/src/wheelchair_interfaces) by extension 'colcon_meta'
[0.198s] Level 1:colcon.colcon_core.package_identification:_identify(/home/sejunmoon/autonomous_safety_wheelchair/src/wheelchair_interfaces) by extensions ['ros']
[0.198s] Level 1:colcon.colcon_core.package_identification:_identify(/home/sejunmoon/autonomous_safety_wheelchair/src/wheelchair_interfaces) by extension 'ros'
[0.199s] DEBUG:colcon.colcon_core.package_identification:Package '/home/sejunmoon/autonomous_safety_wheelchair/src/wheelchair_interfaces' with type 'ros.ament_cmake' and name 'wheelchair_interfaces'
[0.199s] Level 1:colcon.colcon_core.package_discovery:discover_packages(recursive) using defaults
